ACC: 60
MAR: 6
MDR: 20
ICR: ADD 6 NULL NULL NULL 

 Posicion en memoria: 0  Dato: 0
 Posicion en memoria: 1  Dato: 0
 Posicion en memoria: 2  Dato: 15
 Posicion en memoria: 3  Dato: 40
 Posicion en memoria: 4  Dato: 0
 Posicion en memoria: 5  Dato: 0
 Posicion en memoria: 6  Dato: 20
 Posicion en memoria: 7  Dato: 0
 Posicion en memoria: 8  Dato: 0
 Posicion en memoria: 9  Dato: 5
 Posicion en memoria: 10  Dato: 0
 Posicion en memoria: 11  Dato: 0
 Posicion en memoria: 12  Dato: 0
 Posicion en memoria: 13  Dato: 0
 Posicion en memoria: 14  Dato: 0
 Posicion en memoria: 15  Dato: 0
 Posicion en memoria: 16  Dato: 0
 Posicion en memoria: 17  Dato: 0
 Posicion en memoria: 18  Dato: 0
 Posicion en memoria: 19  Dato: 0
 Posicion en memoria: 20  Dato: 0
 Posicion en memoria: 21  Dato: 0
 Posicion en memoria: 22  Dato: 0
 Posicion en memoria: 23  Dato: 0
 Posicion en memoria: 24  Dato: 0
 Posicion en memoria: 25  Dato: 0
 Posicion en memoria: 26  Dato: 0
 Posicion en memoria: 27  Dato: 0
 Posicion en memoria: 28  Dato: 0
 Posicion en memoria: 29  Dato: 0
 Posicion en memoria: 30  Dato: 0
 Posicion en memoria: 31  Dato: 0
 Posicion en memoria: 32  Dato: 0
 Posicion en memoria: 33  Dato: 0
 Posicion en memoria: 34  Dato: 0
 Posicion en memoria: 35  Dato: 0
 Posicion en memoria: 36  Dato: 0
 Posicion en memoria: 37  Dato: 0
 Posicion en memoria: 38  Dato: 0
 Posicion en memoria: 39  Dato: 0
 Posicion en memoria: 40  Dato: 0
 Posicion en memoria: 41  Dato: 0
 Posicion en memoria: 42  Dato: 0
 Posicion en memoria: 43  Dato: 0
 Posicion en memoria: 44  Dato: 0
 Posicion en memoria: 45  Dato: 0
 Posicion en memoria: 46  Dato: 0
 Posicion en memoria: 47  Dato: 0
 Posicion en memoria: 48  Dato: 0
 Posicion en memoria: 49  Dato: 0
 Posicion en memoria: 50  Dato: 0
 Posicion en memoria: 51  Dato: 0
 Posicion en memoria: 52  Dato: 0
 Posicion en memoria: 53  Dato: 0
 Posicion en memoria: 54  Dato: 0
 Posicion en memoria: 55  Dato: 0
 Posicion en memoria: 56  Dato: 0
 Posicion en memoria: 57  Dato: 0
 Posicion en memoria: 58  Dato: 0
 Posicion en memoria: 59  Dato: 0
 Posicion en memoria: 60  Dato: 0
 Posicion en memoria: 61  Dato: 0
 Posicion en memoria: 62  Dato: 0
 Posicion en memoria: 63  Dato: 0
 Posicion en memoria: 64  Dato: 0
 Posicion en memoria: 65  Dato: 0
 Posicion en memoria: 66  Dato: 0
 Posicion en memoria: 67  Dato: 0
 Posicion en memoria: 68  Dato: 0
 Posicion en memoria: 69  Dato: 0
 Posicion en memoria: 70  Dato: 0
 Posicion en memoria: 71  Dato: 0
 Posicion en memoria: 72  Dato: 0
 Posicion en memoria: 73  Dato: 0
 Posicion en memoria: 74  Dato: 0
 Posicion en memoria: 75  Dato: 0
 Posicion en memoria: 76  Dato: 0
 Posicion en memoria: 77  Dato: 0
 Posicion en memoria: 78  Dato: 0
 Posicion en memoria: 79  Dato: 0
 Posicion en memoria: 80  Dato: 0
 Posicion en memoria: 81  Dato: 0
 Posicion en memoria: 82  Dato: 0
 Posicion en memoria: 83  Dato: 0
 Posicion en memoria: 84  Dato: 0
 Posicion en memoria: 85  Dato: 0
 Posicion en memoria: 86  Dato: 0
 Posicion en memoria: 87  Dato: 0
 Posicion en memoria: 88  Dato: 0
 Posicion en memoria: 89  Dato: 0
 Posicion en memoria: 90  Dato: 0
 Posicion en memoria: 91  Dato: 0
 Posicion en memoria: 92  Dato: 0
 Posicion en memoria: 93  Dato: 0
 Posicion en memoria: 94  Dato: 0
 Posicion en memoria: 95  Dato: 0
 Posicion en memoria: 96  Dato: 0
 Posicion en memoria: 97  Dato: 0
 Posicion en memoria: 98  Dato: 0
 Posicion en memoria: 99  Dato: 0
ACC: 60
En la direccion:  2 esta: 60
ACC: 0
